Copyright 1986-2022 Xilinx, Inc. All Rights Reserved. Copyright 2022-2023 Advanced Micro Devices, Inc. All Rights Reserved.
---------------------------------------------------------------------------------------------------------------------------------------------
| Tool Version : Vivado v.2023.2 (win64) Build 4029153 Fri Oct 13 20:14:34 MDT 2023
| Date         : Sat Sep  7 14:34:31 2024
| Host         : DESKTOP-IBUKO6U running 64-bit major release  (build 9200)
| Command      : upgrade_ip
| Device       : xc7a35tfgg484-2
---------------------------------------------------------------------------------------------------------------------------------------------

Upgrade Log for IP 'fifo_74_74_clk1_bar_rd1'

1. Summary
----------

SUCCESS in the update of fifo_74_74_clk1_bar_rd1 (xilinx.com:ip:fifo_generator:13.2 (Rev. 9)) to current project options.






Copyright 1986-2022 Xilinx, Inc. All Rights Reserved. Copyright 2022-2023 Advanced Micro Devices, Inc. All Rights Reserved.
---------------------------------------------------------------------------------------------------------------------------------------------
| Tool Version : Vivado v.2023.2 (win64) Build 4029153 Fri Oct 13 20:14:34 MDT 2023
| Date         : Sat Sep  7 14:34:31 2024
| Host         : DESKTOP-IBUKO6U running 64-bit major release  (build 9200)
| Command      : upgrade_ip
| Device       : xc7a35tfgg484-2
---------------------------------------------------------------------------------------------------------------------------------------------

Upgrade Log for IP 'fifo_64_64_clk2_comrx'

1. Summary
----------

SUCCESS in the update of fifo_64_64_clk2_comrx (xilinx.com:ip:fifo_generator:13.2 (Rev. 9)) to current project options.






Copyright 1986-2022 Xilinx, Inc. All Rights Reserved. Copyright 2022-2023 Advanced Micro Devices, Inc. All Rights Reserved.
---------------------------------------------------------------------------------------------------------------------------------------------
| Tool Version : Vivado v.2023.2 (win64) Build 4029153 Fri Oct 13 20:14:34 MDT 2023
| Date         : Sat Sep  7 14:34:30 2024
| Host         : DESKTOP-IBUKO6U running 64-bit major release  (build 9200)
| Command      : upgrade_ip
| Device       : xc7a35tfgg484-2
---------------------------------------------------------------------------------------------------------------------------------------------

Upgrade Log for IP 'fifo_64_64_clk1_fifocmd'

1. Summary
----------

SUCCESS in the update of fifo_64_64_clk1_fifocmd (xilinx.com:ip:fifo_generator:13.2 (Rev. 9)) to current project options.






Copyright 1986-2022 Xilinx, Inc. All Rights Reserved. Copyright 2022-2023 Advanced Micro Devices, Inc. All Rights Reserved.
---------------------------------------------------------------------------------------------------------------------------------------------
| Tool Version : Vivado v.2023.2 (win64) Build 4029153 Fri Oct 13 20:14:34 MDT 2023
| Date         : Sat Sep  7 14:34:29 2024
| Host         : DESKTOP-IBUKO6U running 64-bit major release  (build 9200)
| Command      : upgrade_ip
| Device       : xc7a35tfgg484-2
---------------------------------------------------------------------------------------------------------------------------------------------

Upgrade Log for IP 'fifo_64_64'

1. Summary
----------

SUCCESS in the update of fifo_64_64 (xilinx.com:ip:fifo_generator:13.2 (Rev. 9)) to current project options.






Copyright 1986-2022 Xilinx, Inc. All Rights Reserved. Copyright 2022-2023 Advanced Micro Devices, Inc. All Rights Reserved.
---------------------------------------------------------------------------------------------------------------------------------------------
| Tool Version : Vivado v.2023.2 (win64) Build 4029153 Fri Oct 13 20:14:34 MDT 2023
| Date         : Sat Sep  7 14:34:28 2024
| Host         : DESKTOP-IBUKO6U running 64-bit major release  (build 9200)
| Command      : upgrade_ip
| Device       : xc7a35tfgg484-2
---------------------------------------------------------------------------------------------------------------------------------------------

Upgrade Log for IP 'fifo_49_49_clk2'

1. Summary
----------

SUCCESS in the update of fifo_49_49_clk2 (xilinx.com:ip:fifo_generator:13.2 (Rev. 9)) to current project options.






Copyright 1986-2022 Xilinx, Inc. All Rights Reserved. Copyright 2022-2023 Advanced Micro Devices, Inc. All Rights Reserved.
---------------------------------------------------------------------------------------------------------------------------------------------
| Tool Version : Vivado v.2023.2 (win64) Build 4029153 Fri Oct 13 20:14:34 MDT 2023
| Date         : Sat Sep  7 14:34:27 2024
| Host         : DESKTOP-IBUKO6U running 64-bit major release  (build 9200)
| Command      : upgrade_ip
| Device       : xc7a35tfgg484-2
---------------------------------------------------------------------------------------------------------------------------------------------

Upgrade Log for IP 'fifo_43_43_clk2'

1. Summary
----------

SUCCESS in the update of fifo_43_43_clk2 (xilinx.com:ip:fifo_generator:13.2 (Rev. 9)) to current project options.






Copyright 1986-2022 Xilinx, Inc. All Rights Reserved. Copyright 2022-2023 Advanced Micro Devices, Inc. All Rights Reserved.
---------------------------------------------------------------------------------------------------------------------------------------------
| Tool Version : Vivado v.2023.2 (win64) Build 4029153 Fri Oct 13 20:14:34 MDT 2023
| Date         : Sat Sep  7 14:34:26 2024
| Host         : DESKTOP-IBUKO6U running 64-bit major release  (build 9200)
| Command      : upgrade_ip
| Device       : xc7a35tfgg484-2
---------------------------------------------------------------------------------------------------------------------------------------------

Upgrade Log for IP 'fifo_34_34'

1. Summary
----------

SUCCESS in the update of fifo_34_34 (xilinx.com:ip:fifo_generator:13.2 (Rev. 9)) to current project options.






Copyright 1986-2022 Xilinx, Inc. All Rights Reserved. Copyright 2022-2023 Advanced Micro Devices, Inc. All Rights Reserved.
---------------------------------------------------------------------------------------------------------------------------------------------
| Tool Version : Vivado v.2023.2 (win64) Build 4029153 Fri Oct 13 20:14:34 MDT 2023
| Date         : Sat Sep  7 14:34:25 2024
| Host         : DESKTOP-IBUKO6U running 64-bit major release  (build 9200)
| Command      : upgrade_ip
| Device       : xc7a35tfgg484-2
---------------------------------------------------------------------------------------------------------------------------------------------

Upgrade Log for IP 'fifo_32_32_clk2'

1. Summary
----------

SUCCESS in the update of fifo_32_32_clk2 (xilinx.com:ip:fifo_generator:13.2 (Rev. 9)) to current project options.






Copyright 1986-2022 Xilinx, Inc. All Rights Reserved. Copyright 2022-2023 Advanced Micro Devices, Inc. All Rights Reserved.
---------------------------------------------------------------------------------------------------------------------------------------------
| Tool Version : Vivado v.2023.2 (win64) Build 4029153 Fri Oct 13 20:14:34 MDT 2023
| Date         : Sat Sep  7 14:34:24 2024
| Host         : DESKTOP-IBUKO6U running 64-bit major release  (build 9200)
| Command      : upgrade_ip
| Device       : xc7a35tfgg484-2
---------------------------------------------------------------------------------------------------------------------------------------------

Upgrade Log for IP 'fifo_32_32_clk1_comtx'

1. Summary
----------

SUCCESS in the update of fifo_32_32_clk1_comtx (xilinx.com:ip:fifo_generator:13.2 (Rev. 9)) to current project options.






Copyright 1986-2022 Xilinx, Inc. All Rights Reserved. Copyright 2022-2023 Advanced Micro Devices, Inc. All Rights Reserved.
---------------------------------------------------------------------------------------------------------------------------------------------
| Tool Version : Vivado v.2023.2 (win64) Build 4029153 Fri Oct 13 20:14:34 MDT 2023
| Date         : Sat Sep  7 14:34:23 2024
| Host         : DESKTOP-IBUKO6U running 64-bit major release  (build 9200)
| Command      : upgrade_ip
| Device       : xc7a35tfgg484-2
---------------------------------------------------------------------------------------------------------------------------------------------

Upgrade Log for IP 'fifo_256_32_clk2_comtx'

1. Summary
----------

SUCCESS in the update of fifo_256_32_clk2_comtx (xilinx.com:ip:fifo_generator:13.2 (Rev. 9)) to current project options.






Copyright 1986-2022 Xilinx, Inc. All Rights Reserved. Copyright 2022-2023 Advanced Micro Devices, Inc. All Rights Reserved.
---------------------------------------------------------------------------------------------------------------------------------------------
| Tool Version : Vivado v.2023.2 (win64) Build 4029153 Fri Oct 13 20:14:34 MDT 2023
| Date         : Sat Sep  7 14:34:22 2024
| Host         : DESKTOP-IBUKO6U running 64-bit major release  (build 9200)
| Command      : upgrade_ip
| Device       : xc7a35tfgg484-2
---------------------------------------------------------------------------------------------------------------------------------------------

Upgrade Log for IP 'fifo_1_1_clk2'

1. Summary
----------

SUCCESS in the update of fifo_1_1_clk2 (xilinx.com:ip:fifo_generator:13.2 (Rev. 9)) to current project options.






Copyright 1986-2022 Xilinx, Inc. All Rights Reserved. Copyright 2022-2023 Advanced Micro Devices, Inc. All Rights Reserved.
---------------------------------------------------------------------------------------------------------------------------------------------
| Tool Version : Vivado v.2023.2 (win64) Build 4029153 Fri Oct 13 20:14:34 MDT 2023
| Date         : Sat Sep  7 14:34:20 2024
| Host         : DESKTOP-IBUKO6U running 64-bit major release  (build 9200)
| Command      : upgrade_ip
| Device       : xc7a35tfgg484-2
---------------------------------------------------------------------------------------------------------------------------------------------

Upgrade Log for IP 'fifo_141_141_clk1_bar_wr'

1. Summary
----------

SUCCESS in the update of fifo_141_141_clk1_bar_wr (xilinx.com:ip:fifo_generator:13.2 (Rev. 9)) to current project options.






Copyright 1986-2022 Xilinx, Inc. All Rights Reserved. Copyright 2022-2023 Advanced Micro Devices, Inc. All Rights Reserved.
---------------------------------------------------------------------------------------------------------------------------------------------
| Tool Version : Vivado v.2023.2 (win64) Build 4029153 Fri Oct 13 20:14:34 MDT 2023
| Date         : Sat Sep  7 14:34:19 2024
| Host         : DESKTOP-IBUKO6U running 64-bit major release  (build 9200)
| Command      : upgrade_ip
| Device       : xc7a35tfgg484-2
---------------------------------------------------------------------------------------------------------------------------------------------

Upgrade Log for IP 'fifo_134_134_clk2_rxfifo'

1. Summary
----------

SUCCESS in the update of fifo_134_134_clk2_rxfifo (xilinx.com:ip:fifo_generator:13.2 (Rev. 9)) to current project options.






Copyright 1986-2022 Xilinx, Inc. All Rights Reserved. Copyright 2022-2023 Advanced Micro Devices, Inc. All Rights Reserved.
---------------------------------------------------------------------------------------------------------------------------------------------
| Tool Version : Vivado v.2023.2 (win64) Build 4029153 Fri Oct 13 20:14:34 MDT 2023
| Date         : Sat Sep  7 14:34:18 2024
| Host         : DESKTOP-IBUKO6U running 64-bit major release  (build 9200)
| Command      : upgrade_ip
| Device       : xc7a35tfgg484-2
---------------------------------------------------------------------------------------------------------------------------------------------

Upgrade Log for IP 'fifo_134_134_clk2'

1. Summary
----------

SUCCESS in the update of fifo_134_134_clk2 (xilinx.com:ip:fifo_generator:13.2 (Rev. 9)) to current project options.






Copyright 1986-2022 Xilinx, Inc. All Rights Reserved. Copyright 2022-2023 Advanced Micro Devices, Inc. All Rights Reserved.
---------------------------------------------------------------------------------------------------------------------------------------------
| Tool Version : Vivado v.2023.2 (win64) Build 4029153 Fri Oct 13 20:14:34 MDT 2023
| Date         : Sat Sep  7 14:34:17 2024
| Host         : DESKTOP-IBUKO6U running 64-bit major release  (build 9200)
| Command      : upgrade_ip
| Device       : xc7a35tfgg484-2
---------------------------------------------------------------------------------------------------------------------------------------------

Upgrade Log for IP 'fifo_134_134_clk1_bar_rdrsp'

1. Summary
----------

SUCCESS in the update of fifo_134_134_clk1_bar_rdrsp (xilinx.com:ip:fifo_generator:13.2 (Rev. 9)) to current project options.






Copyright 1986-2022 Xilinx, Inc. All Rights Reserved. Copyright 2022-2023 Advanced Micro Devices, Inc. All Rights Reserved.
---------------------------------------------------------------------------------------------------------------------------------------------
| Tool Version : Vivado v.2023.2 (win64) Build 4029153 Fri Oct 13 20:14:34 MDT 2023
| Date         : Sat Sep  7 14:34:16 2024
| Host         : DESKTOP-IBUKO6U running 64-bit major release  (build 9200)
| Command      : upgrade_ip
| Device       : xc7a35tfgg484-2
---------------------------------------------------------------------------------------------------------------------------------------------

Upgrade Log for IP 'fifo_129_129_clk1'

1. Summary
----------

SUCCESS in the update of fifo_129_129_clk1 (xilinx.com:ip:fifo_generator:13.2 (Rev. 9)) to current project options.






Copyright 1986-2022 Xilinx, Inc. All Rights Reserved. Copyright 2022-2023 Advanced Micro Devices, Inc. All Rights Reserved.
---------------------------------------------------------------------------------------------------------------------------------------------
| Tool Version : Vivado v.2023.2 (win64) Build 4029153 Fri Oct 13 20:14:34 MDT 2023
| Date         : Sat Sep  7 14:34:15 2024
| Host         : DESKTOP-IBUKO6U running 64-bit major release  (build 9200)
| Command      : upgrade_ip
| Device       : xc7a35tfgg484-2
---------------------------------------------------------------------------------------------------------------------------------------------

Upgrade Log for IP 'drom_pcie_cfgspace_writemask'

1. Summary
----------

SUCCESS in the update of drom_pcie_cfgspace_writemask (xilinx.com:ip:dist_mem_gen:8.0 (Rev. 14)) to current project options.






Copyright 1986-2022 Xilinx, Inc. All Rights Reserved. Copyright 2022-2023 Advanced Micro Devices, Inc. All Rights Reserved.
---------------------------------------------------------------------------------------------------------------------------------------------
| Tool Version : Vivado v.2023.2 (win64) Build 4029153 Fri Oct 13 20:14:34 MDT 2023
| Date         : Sat Sep  7 14:34:14 2024
| Host         : DESKTOP-IBUKO6U running 64-bit major release  (build 9200)
| Command      : upgrade_ip
| Device       : xc7a35tfgg484-2
---------------------------------------------------------------------------------------------------------------------------------------------

Upgrade Log for IP 'bram_pcie_cfgspace'

1. Summary
----------

SUCCESS in the update of bram_pcie_cfgspace (xilinx.com:ip:blk_mem_gen:8.4 (Rev. 7)) to current project options.






Copyright 1986-2022 Xilinx, Inc. All Rights Reserved. Copyright 2022-2023 Advanced Micro Devices, Inc. All Rights Reserved.
---------------------------------------------------------------------------------------------------------------------------------------------
| Tool Version : Vivado v.2023.2 (win64) Build 4029153 Fri Oct 13 20:14:34 MDT 2023
| Date         : Sat Sep  7 14:34:13 2024
| Host         : DESKTOP-IBUKO6U running 64-bit major release  (build 9200)
| Command      : upgrade_ip
| Device       : xc7a35tfgg484-2
---------------------------------------------------------------------------------------------------------------------------------------------

Upgrade Log for IP 'bram_bar_zero4k'

1. Summary
----------

SUCCESS in the update of bram_bar_zero4k (xilinx.com:ip:blk_mem_gen:8.4 (Rev. 7)) to current project options.

