#-----------------------------------------------------------
# Vivado v2023.2 (64-bit)
# SW Build 4029153 on Fri Oct 13 20:14:34 MDT 2023
# IP Build 4028589 on Sat Oct 14 00:45:43 MDT 2023
# SharedData Build 4025554 on Tue Oct 10 17:18:54 MDT 2023
# Start of session at: Tue Oct  1 08:35:26 2024
# Process ID: 21316
# Current directory: D:/PCILEECH_414/FROMLURK/card_reader_realtek
# Command line: vivado.exe -gui_launcher_event rodinguilauncherevent44852 D:\PCILEECH_414\FROMLURK\card_reader_realtek\pcileech_enigma_x1.xpr
# Log file: D:/PCILEECH_414/FROMLURK/card_reader_realtek/vivado.log
# Journal file: D:/PCILEECH_414/FROMLURK/card_reader_realtek\vivado.jou
# Running On: Shawk, OS: Windows, CPU Frequency: 3494 MHz, CPU Physical cores: 14, Host memory: 16922 MB
#-----------------------------------------------------------
start_gui
open_project D:/PCILEECH_414/FROMLURK/card_reader_realtek/pcileech_enigma_x1.xpr
WARNING: [Board 49-26] cannot add Board Part xilinx.com:kcu116:part0:1.4 available at E:/VIVADO2023/Vivado/2023.2/data/xhub/boards/XilinxBoardStore/boards/Xilinx/kcu116/1.4/board.xml as part xcku5p-ffvb676-2-e specified in board_part file is either invalid or not available
WARNING: [Board 49-26] cannot add Board Part xilinx.com:kcu116:part0:1.5 available at E:/VIVADO2023/Vivado/2023.2/data/xhub/boards/XilinxBoardStore/boards/Xilinx/kcu116/1.5/board.xml as part xcku5p-ffvb676-2-e specified in board_part file is either invalid or not available
WARNING: [Board 49-26] cannot add Board Part xilinx.com:vcu128:part0:1.0 available at E:/VIVADO2023/Vivado/2023.2/data/xhub/boards/XilinxBoardStore/boards/Xilinx/vcu128/production/1.0/board.xml as part xcvu37p-fsvh2892-2l-e specified in board_part file is either invalid or not available
WARNING: [Board 49-26] cannot add Board Part xilinx.com:vcu129:part0:1.0 available at E:/VIVADO2023/Vivado/2023.2/data/xhub/boards/XilinxBoardStore/boards/Xilinx/vcu129/production/1.0/board.xml as part xcvu29p-fsga2577-2l-e specified in board_part file is either invalid or not available
WARNING: [Board 49-26] cannot add Board Part xilinx.com:vek280_es:part0:1.0 available at E:/VIVADO2023/Vivado/2023.2/data/xhub/boards/XilinxBoardStore/boards/Xilinx/vek280/es/rev_a/1.0/board.xml as part xcve2802-vsvh1760-2lp-e-s-es1 specified in board_part file is either invalid or not available
WARNING: [Board 49-26] cannot add Board Part xilinx.com:vek280_es:part0:1.1 available at E:/VIVADO2023/Vivado/2023.2/data/xhub/boards/XilinxBoardStore/boards/Xilinx/vek280/es/rev_a/1.1/board.xml as part xcve2802-vsvh1760-2lp-e-s-es1 specified in board_part file is either invalid or not available
WARNING: [Board 49-26] cannot add Board Part xilinx.com:vek280_es_revb:part0:1.0 available at E:/VIVADO2023/Vivado/2023.2/data/xhub/boards/XilinxBoardStore/boards/Xilinx/vek280/es/rev_b/1.0/board.xml as part xcve2802-vsvh1760-2mp-e-s-es1 specified in board_part file is either invalid or not available
WARNING: [Board 49-26] cannot add Board Part xilinx.com:vek280_es_revb:part0:1.1 available at E:/VIVADO2023/Vivado/2023.2/data/xhub/boards/XilinxBoardStore/boards/Xilinx/vek280/es/rev_b/1.1/board.xml as part xcve2802-vsvh1760-2mp-e-s-es1 specified in board_part file is either invalid or not available
WARNING: [Board 49-26] cannot add Board Part xilinx.com:vhk158:part0:1.0 available at E:/VIVADO2023/Vivado/2023.2/data/xhub/boards/XilinxBoardStore/boards/Xilinx/vhk158/production/1.0/board.xml as part xcvh1582-vsva3697-2mp-e-s specified in board_part file is either invalid or not available
WARNING: [Board 49-26] cannot add Board Part xilinx.com:vhk158:part0:1.1 available at E:/VIVADO2023/Vivado/2023.2/data/xhub/boards/XilinxBoardStore/boards/Xilinx/vhk158/production/1.1/board.xml as part xcvh1582-vsva3697-2mp-e-s specified in board_part file is either invalid or not available
WARNING: [Board 49-26] cannot add Board Part xilinx.com:vhk158_es:part0:1.0 available at E:/VIVADO2023/Vivado/2023.2/data/xhub/boards/XilinxBoardStore/boards/Xilinx/vhk158/es/1.0/board.xml as part xcvh1582-vsva3697-2mp-e-s-es1 specified in board_part file is either invalid or not available
WARNING: [Board 49-26] cannot add Board Part xilinx.com:vhk158_es:part0:1.1 available at E:/VIVADO2023/Vivado/2023.2/data/xhub/boards/XilinxBoardStore/boards/Xilinx/vhk158/es/1.1/board.xml as part xcvh1582-vsva3697-2mp-e-s-es1 specified in board_part file is either invalid or not available
WARNING: [Board 49-26] cannot add Board Part xilinx.com:zcu208ld:part0:2.0 available at E:/VIVADO2023/Vivado/2023.2/data/xhub/boards/XilinxBoardStore/boards/Xilinx/zcu208ld/production/2.0/board.xml as part xczu58dr-fsvg1517-2-i specified in board_part file is either invalid or not available
WARNING: [Board 49-26] cannot add Board Part xilinx.com:zcu216ld:part0:2.0 available at E:/VIVADO2023/Vivado/2023.2/data/xhub/boards/XilinxBoardStore/boards/Xilinx/zcu216ld/production/2.0/board.xml as part xczu59dr-ffvf1760-2-i specified in board_part file is either invalid or not available
WARNING: [Board 49-26] cannot add Board Part xilinx.com:zcu670:part0:2.0 available at E:/VIVADO2023/Vivado/2023.2/data/xhub/boards/XilinxBoardStore/boards/Xilinx/zcu670/2.0/board.xml as part xczu67dr-fsve1156-2-i specified in board_part file is either invalid or not available
WARNING: [Board 49-26] cannot add Board Part xilinx.com:zcu670ld:part0:1.0 available at E:/VIVADO2023/Vivado/2023.2/data/xhub/boards/XilinxBoardStore/boards/Xilinx/zcu670ld/1.0/board.xml as part xczu57dr-fsve1156-2-i specified in board_part file is either invalid or not available
Scanning sources...
Finished scanning sources
INFO: [IP_Flow 19-234] Refreshing IP repositories
INFO: [IP_Flow 19-1704] No user IP repositories specified
INFO: [IP_Flow 19-2313] Loaded Vivado IP repository 'E:/VIVADO2023/Vivado/2023.2/data/ip'.
open_project: Time (s): cpu = 00:00:04 ; elapsed = 00:00:10 . Memory (MB): peak = 1652.160 ; gain = 445.855
update_compile_order -fileset sources_1
WARNING: [filemgmt 56-199] Attempt to get parsing info during refresh. "On-the-fly" syntax checking information may be incorrect. [D:\PCILEECH_414\FROMLURK\card_reader_realtek\pcileech_enigma_x1.srcs\sources_1\imports\diviner-full-emu-v2-main\src\pcileech_pcie_a7.sv:]
WARNING: [filemgmt 56-199] Attempt to get parsing info during refresh. "On-the-fly" syntax checking information may be incorrect. [D:\PCILEECH_414\FROMLURK\card_reader_realtek\pcileech_enigma_x1.srcs\sources_1\imports\diviner-full-emu-v2-main\src\pcileech_pcie_cfg_a7.sv:]
ERROR: [Common 17-180] Spawn failed: No error
WARNING: [filemgmt 56-199] Attempt to get parsing info during refresh. "On-the-fly" syntax checking information may be incorrect. [D:\PCILEECH_414\FROMLURK\card_reader_realtek\pcileech_enigma_x1.srcs\sources_1\imports\diviner-full-emu-v2-main\src\pcileech_pcie_tlp_a7.sv:]
WARNING: [filemgmt 56-199] Attempt to get parsing info during refresh. "On-the-fly" syntax checking information may be incorrect. [D:\PCILEECH_414\FROMLURK\card_reader_realtek\pcileech_enigma_x1.srcs\sources_1\imports\diviner-full-emu-v2-main\src\pcileech_pcie_a7.sv:]
WARNING: [filemgmt 56-199] Attempt to get parsing info during refresh. "On-the-fly" syntax checking information may be incorrect. [D:\PCILEECH_414\FROMLURK\card_reader_realtek\pcileech_enigma_x1.srcs\sources_1\imports\diviner-full-emu-v2-main\src\pcileech_pcie_cfg_a7.sv:]
ERROR: [Common 17-180] Spawn failed: No error
WARNING: [filemgmt 56-199] Attempt to get parsing info during refresh. "On-the-fly" syntax checking information may be incorrect. [D:\PCILEECH_414\FROMLURK\card_reader_realtek\pcileech_enigma_x1.srcs\sources_1\imports\diviner-full-emu-v2-main\src\pcileech_pcie_tlp_a7.sv:]
WARNING: [filemgmt 56-199] Attempt to get parsing info during refresh. "On-the-fly" syntax checking information may be incorrect. [D:\PCILEECH_414\FROMLURK\card_reader_realtek\pcileech_enigma_x1.srcs\sources_1\imports\diviner-full-emu-v2-main\src\pcileech_pcie_a7.sv:]
WARNING: [filemgmt 56-199] Attempt to get parsing info during refresh. "On-the-fly" syntax checking information may be incorrect. [D:\PCILEECH_414\FROMLURK\card_reader_realtek\pcileech_enigma_x1.srcs\sources_1\imports\diviner-full-emu-v2-main\src\pcileech_pcie_cfg_a7.sv:]
WARNING: [filemgmt 56-199] Attempt to get parsing info during refresh. "On-the-fly" syntax checking information may be incorrect. [D:\PCILEECH_414\FROMLURK\card_reader_realtek\pcileech_enigma_x1.srcs\sources_1\imports\diviner-full-emu-v2-main\src\pcileech_tlps128_bar_controller.sv:]
WARNING: [filemgmt 56-199] Attempt to get parsing info during refresh. "On-the-fly" syntax checking information may be incorrect. [D:\PCILEECH_414\FROMLURK\card_reader_realtek\pcileech_enigma_x1.srcs\sources_1\imports\diviner-full-emu-v2-main\src\pcileech_pcie_tlp_a7.sv:]
WARNING: [filemgmt 56-199] Attempt to get parsing info during refresh. "On-the-fly" syntax checking information may be incorrect. [D:\PCILEECH_414\FROMLURK\card_reader_realtek\pcileech_enigma_x1.srcs\sources_1\imports\diviner-full-emu-v2-main\src\pcileech_pcie_a7.sv:]
WARNING: [filemgmt 56-199] Attempt to get parsing info during refresh. "On-the-fly" syntax checking information may be incorrect. [D:\PCILEECH_414\FROMLURK\card_reader_realtek\pcileech_enigma_x1.srcs\sources_1\imports\diviner-full-emu-v2-main\src\pcileech_pcie_cfg_a7.sv:]
WARNING: [filemgmt 56-199] Attempt to get parsing info during refresh. "On-the-fly" syntax checking information may be incorrect. [D:\PCILEECH_414\FROMLURK\card_reader_realtek\pcileech_enigma_x1.srcs\sources_1\imports\diviner-full-emu-v2-main\src\pcileech_tlps128_bar_controller.sv:]
WARNING: [filemgmt 56-199] Attempt to get parsing info during refresh. "On-the-fly" syntax checking information may be incorrect. [D:\PCILEECH_414\FROMLURK\card_reader_realtek\pcileech_enigma_x1.srcs\sources_1\imports\diviner-full-emu-v2-main\src\pcileech_pcie_tlp_a7.sv:]
WARNING: [filemgmt 56-199] Attempt to get parsing info during refresh. "On-the-fly" syntax checking information may be incorrect. [D:\PCILEECH_414\FROMLURK\card_reader_realtek\pcileech_enigma_x1.srcs\sources_1\imports\diviner-full-emu-v2-main\src\pcileech_pcie_a7.sv:]
WARNING: [filemgmt 56-199] Attempt to get parsing info during refresh. "On-the-fly" syntax checking information may be incorrect. [D:\PCILEECH_414\FROMLURK\card_reader_realtek\pcileech_enigma_x1.srcs\sources_1\imports\diviner-full-emu-v2-main\src\pcileech_pcie_cfg_a7.sv:]
WARNING: [filemgmt 56-199] Attempt to get parsing info during refresh. "On-the-fly" syntax checking information may be incorrect. [D:\PCILEECH_414\FROMLURK\card_reader_realtek\pcileech_enigma_x1.srcs\sources_1\imports\diviner-full-emu-v2-main\src\pcileech_tlps128_bar_controller.sv:]
WARNING: [filemgmt 56-199] Attempt to get parsing info during refresh. "On-the-fly" syntax checking information may be incorrect. [D:\PCILEECH_414\FROMLURK\card_reader_realtek\pcileech_enigma_x1.srcs\sources_1\imports\diviner-full-emu-v2-main\src\pcileech_pcie_tlp_a7.sv:]
WARNING: [filemgmt 56-199] Attempt to get parsing info during refresh. "On-the-fly" syntax checking information may be incorrect. [D:\PCILEECH_414\FROMLURK\card_reader_realtek\pcileech_enigma_x1.srcs\sources_1\imports\diviner-full-emu-v2-main\src\pcileech_pcie_a7.sv:]
WARNING: [filemgmt 56-199] Attempt to get parsing info during refresh. "On-the-fly" syntax checking information may be incorrect. [D:\PCILEECH_414\FROMLURK\card_reader_realtek\pcileech_enigma_x1.srcs\sources_1\imports\diviner-full-emu-v2-main\src\pcileech_pcie_cfg_a7.sv:]
WARNING: [filemgmt 56-199] Attempt to get parsing info during refresh. "On-the-fly" syntax checking information may be incorrect. [D:\PCILEECH_414\FROMLURK\card_reader_realtek\pcileech_enigma_x1.srcs\sources_1\imports\diviner-full-emu-v2-main\src\pcileech_tlps128_bar_controller.sv:]
ERROR: [Common 17-180] Spawn failed: No error
WARNING: [filemgmt 56-199] Attempt to get parsing info during refresh. "On-the-fly" syntax checking information may be incorrect. [D:\PCILEECH_414\FROMLURK\card_reader_realtek\pcileech_enigma_x1.srcs\sources_1\imports\diviner-full-emu-v2-main\src\pcileech_pcie_tlp_a7.sv:]
WARNING: [filemgmt 56-199] Attempt to get parsing info during refresh. "On-the-fly" syntax checking information may be incorrect. [D:\PCILEECH_414\FROMLURK\card_reader_realtek\pcileech_enigma_x1.srcs\sources_1\imports\diviner-full-emu-v2-main\src\pcileech_pcie_a7.sv:]
WARNING: [filemgmt 56-199] Attempt to get parsing info during refresh. "On-the-fly" syntax checking information may be incorrect. [D:\PCILEECH_414\FROMLURK\card_reader_realtek\pcileech_enigma_x1.srcs\sources_1\imports\diviner-full-emu-v2-main\src\pcileech_pcie_cfg_a7.sv:]
WARNING: [filemgmt 56-199] Attempt to get parsing info during refresh. "On-the-fly" syntax checking information may be incorrect. [D:\PCILEECH_414\FROMLURK\card_reader_realtek\pcileech_enigma_x1.srcs\sources_1\imports\diviner-full-emu-v2-main\src\pcileech_tlps128_bar_controller.sv:]
ERROR: [Common 17-180] Spawn failed: No error
WARNING: [filemgmt 56-199] Attempt to get parsing info during refresh. "On-the-fly" syntax checking information may be incorrect. [D:\PCILEECH_414\FROMLURK\card_reader_realtek\pcileech_enigma_x1.srcs\sources_1\imports\diviner-full-emu-v2-main\src\pcileech_pcie_tlp_a7.sv:]
WARNING: [filemgmt 56-199] Attempt to get parsing info during refresh. "On-the-fly" syntax checking information may be incorrect. [D:\PCILEECH_414\FROMLURK\card_reader_realtek\pcileech_enigma_x1.srcs\sources_1\imports\diviner-full-emu-v2-main\src\pcileech_pcie_a7.sv:]
WARNING: [filemgmt 56-199] Attempt to get parsing info during refresh. "On-the-fly" syntax checking information may be incorrect. [D:\PCILEECH_414\FROMLURK\card_reader_realtek\pcileech_enigma_x1.srcs\sources_1\imports\diviner-full-emu-v2-main\src\pcileech_pcie_cfg_a7.sv:]
WARNING: [filemgmt 56-199] Attempt to get parsing info during refresh. "On-the-fly" syntax checking information may be incorrect. [D:\PCILEECH_414\FROMLURK\card_reader_realtek\pcileech_enigma_x1.srcs\sources_1\imports\diviner-full-emu-v2-main\src\pcileech_tlps128_bar_controller.sv:]
WARNING: [filemgmt 56-199] Attempt to get parsing info during refresh. "On-the-fly" syntax checking information may be incorrect. [D:\PCILEECH_414\FROMLURK\card_reader_realtek\pcileech_enigma_x1.srcs\sources_1\imports\diviner-full-emu-v2-main\src\pcileech_pcie_tlp_a7.sv:]
WARNING: [filemgmt 56-199] Attempt to get parsing info during refresh. "On-the-fly" syntax checking information may be incorrect. [D:\PCILEECH_414\FROMLURK\card_reader_realtek\pcileech_enigma_x1.srcs\sources_1\imports\diviner-full-emu-v2-main\src\pcileech_pcie_a7.sv:]
WARNING: [filemgmt 56-199] Attempt to get parsing info during refresh. "On-the-fly" syntax checking information may be incorrect. [D:\PCILEECH_414\FROMLURK\card_reader_realtek\pcileech_enigma_x1.srcs\sources_1\imports\diviner-full-emu-v2-main\src\pcileech_pcie_cfg_a7.sv:]
WARNING: [filemgmt 56-199] Attempt to get parsing info during refresh. "On-the-fly" syntax checking information may be incorrect. [D:\PCILEECH_414\FROMLURK\card_reader_realtek\pcileech_enigma_x1.srcs\sources_1\imports\diviner-full-emu-v2-main\src\pcileech_tlps128_bar_controller.sv:]
ERROR: [Common 17-180] Spawn failed: No error
WARNING: [filemgmt 56-199] Attempt to get parsing info during refresh. "On-the-fly" syntax checking information may be incorrect. [D:\PCILEECH_414\FROMLURK\card_reader_realtek\pcileech_enigma_x1.srcs\sources_1\imports\diviner-full-emu-v2-main\src\pcileech_pcie_tlp_a7.sv:]
WARNING: [filemgmt 56-199] Attempt to get parsing info during refresh. "On-the-fly" syntax checking information may be incorrect. [D:\PCILEECH_414\FROMLURK\card_reader_realtek\pcileech_enigma_x1.srcs\sources_1\imports\diviner-full-emu-v2-main\src\pcileech_pcie_a7.sv:]
WARNING: [filemgmt 56-199] Attempt to get parsing info during refresh. "On-the-fly" syntax checking information may be incorrect. [D:\PCILEECH_414\FROMLURK\card_reader_realtek\pcileech_enigma_x1.srcs\sources_1\imports\diviner-full-emu-v2-main\src\pcileech_pcie_cfg_a7.sv:]
WARNING: [filemgmt 56-199] Attempt to get parsing info during refresh. "On-the-fly" syntax checking information may be incorrect. [D:\PCILEECH_414\FROMLURK\card_reader_realtek\pcileech_enigma_x1.srcs\sources_1\imports\diviner-full-emu-v2-main\src\pcileech_tlps128_bar_controller.sv:]
ERROR: [Common 17-180] Spawn failed: No error
reset_run synth_1
launch_runs synth_1 -jobs 20
[Tue Oct  1 08:37:01 2024] Launched synth_1...
Run output will be captured here: D:/PCILEECH_414/FROMLURK/card_reader_realtek/pcileech_enigma_x1.runs/synth_1/runme.log
WARNING: [filemgmt 56-199] Attempt to get parsing info during refresh. "On-the-fly" syntax checking information may be incorrect. [D:\PCILEECH_414\FROMLURK\card_reader_realtek\pcileech_enigma_x1.srcs\sources_1\new\dna_cap.v:]
WARNING: [filemgmt 56-199] Attempt to get parsing info during refresh. "On-the-fly" syntax checking information may be incorrect. [D:\PCILEECH_414\FROMLURK\card_reader_realtek\pcileech_enigma_x1.srcs\sources_1\imports\diviner-full-emu-v2-main\src\pcileech_pcie_tlp_a7.sv:]
WARNING: [filemgmt 56-199] Attempt to get parsing info during refresh. "On-the-fly" syntax checking information may be incorrect. [D:\PCILEECH_414\FROMLURK\card_reader_realtek\pcileech_enigma_x1.srcs\sources_1\imports\diviner-full-emu-v2-main\src\pcileech_pcie_a7.sv:]
WARNING: [filemgmt 56-199] Attempt to get parsing info during refresh. "On-the-fly" syntax checking information may be incorrect. [D:\PCILEECH_414\FROMLURK\card_reader_realtek\pcileech_enigma_x1.srcs\sources_1\imports\diviner-full-emu-v2-main\src\pcileech_pcie_cfg_a7.sv:]
WARNING: [filemgmt 56-199] Attempt to get parsing info during refresh. "On-the-fly" syntax checking information may be incorrect. [D:\PCILEECH_414\FROMLURK\card_reader_realtek\pcileech_enigma_x1.srcs\sources_1\imports\diviner-full-emu-v2-main\pcie_7x\pcie_7x_0_core_top.v:]
WARNING: [filemgmt 56-199] Attempt to get parsing info during refresh. "On-the-fly" syntax checking information may be incorrect. [D:\PCILEECH_414\FROMLURK\card_reader_realtek\pcileech_enigma_x1.srcs\sources_1\imports\diviner-full-emu-v2-main\src\pcileech_tlps128_bar_controller.sv:]
WARNING: [filemgmt 56-199] Attempt to get parsing info during refresh. "On-the-fly" syntax checking information may be incorrect. [D:\PCILEECH_414\FROMLURK\card_reader_realtek\pcileech_enigma_x1.srcs\sources_1\imports\diviner-full-emu-v2-main\src\pcileech_enigma_x1_top.sv:]
WARNING: [filemgmt 56-199] Attempt to get parsing info during refresh. "On-the-fly" syntax checking information may be incorrect. [D:\PCILEECH_414\FROMLURK\card_reader_realtek\pcileech_enigma_x1.srcs\sources_1\new\dna_cap.v:]
WARNING: [filemgmt 56-199] Attempt to get parsing info during refresh. "On-the-fly" syntax checking information may be incorrect. [D:\PCILEECH_414\FROMLURK\card_reader_realtek\pcileech_enigma_x1.srcs\sources_1\imports\diviner-full-emu-v2-main\src\pcileech_pcie_tlp_a7.sv:]
WARNING: [filemgmt 56-199] Attempt to get parsing info during refresh. "On-the-fly" syntax checking information may be incorrect. [D:\PCILEECH_414\FROMLURK\card_reader_realtek\pcileech_enigma_x1.srcs\sources_1\imports\diviner-full-emu-v2-main\src\pcileech_pcie_a7.sv:]
WARNING: [filemgmt 56-199] Attempt to get parsing info during refresh. "On-the-fly" syntax checking information may be incorrect. [D:\PCILEECH_414\FROMLURK\card_reader_realtek\pcileech_enigma_x1.srcs\sources_1\imports\diviner-full-emu-v2-main\src\pcileech_pcie_cfg_a7.sv:]
WARNING: [filemgmt 56-199] Attempt to get parsing info during refresh. "On-the-fly" syntax checking information may be incorrect. [D:\PCILEECH_414\FROMLURK\card_reader_realtek\pcileech_enigma_x1.srcs\sources_1\imports\diviner-full-emu-v2-main\pcie_7x\pcie_7x_0_core_top.v:]
WARNING: [filemgmt 56-199] Attempt to get parsing info during refresh. "On-the-fly" syntax checking information may be incorrect. [D:\PCILEECH_414\FROMLURK\card_reader_realtek\pcileech_enigma_x1.srcs\sources_1\imports\diviner-full-emu-v2-main\src\pcileech_tlps128_bar_controller.sv:]
WARNING: [filemgmt 56-199] Attempt to get parsing info during refresh. "On-the-fly" syntax checking information may be incorrect. [D:\PCILEECH_414\FROMLURK\card_reader_realtek\pcileech_enigma_x1.srcs\sources_1\imports\diviner-full-emu-v2-main\src\pcileech_enigma_x1_top.sv:]
WARNING: [filemgmt 56-199] Attempt to get parsing info during refresh. "On-the-fly" syntax checking information may be incorrect. [D:\PCILEECH_414\FROMLURK\card_reader_realtek\pcileech_enigma_x1.srcs\sources_1\new\dna_cap.v:]
WARNING: [filemgmt 56-199] Attempt to get parsing info during refresh. "On-the-fly" syntax checking information may be incorrect. [D:\PCILEECH_414\FROMLURK\card_reader_realtek\pcileech_enigma_x1.srcs\sources_1\imports\diviner-full-emu-v2-main\src\pcileech_pcie_tlp_a7.sv:]
WARNING: [filemgmt 56-199] Attempt to get parsing info during refresh. "On-the-fly" syntax checking information may be incorrect. [D:\PCILEECH_414\FROMLURK\card_reader_realtek\pcileech_enigma_x1.srcs\sources_1\imports\diviner-full-emu-v2-main\src\pcileech_pcie_a7.sv:]
WARNING: [filemgmt 56-199] Attempt to get parsing info during refresh. "On-the-fly" syntax checking information may be incorrect. [D:\PCILEECH_414\FROMLURK\card_reader_realtek\pcileech_enigma_x1.srcs\sources_1\imports\diviner-full-emu-v2-main\src\pcileech_pcie_cfg_a7.sv:]
WARNING: [filemgmt 56-199] Attempt to get parsing info during refresh. "On-the-fly" syntax checking information may be incorrect. [D:\PCILEECH_414\FROMLURK\card_reader_realtek\pcileech_enigma_x1.srcs\sources_1\imports\diviner-full-emu-v2-main\pcie_7x\pcie_7x_0_core_top.v:]
WARNING: [filemgmt 56-199] Attempt to get parsing info during refresh. "On-the-fly" syntax checking information may be incorrect. [D:\PCILEECH_414\FROMLURK\card_reader_realtek\pcileech_enigma_x1.srcs\sources_1\imports\diviner-full-emu-v2-main\src\pcileech_tlps128_bar_controller.sv:]
WARNING: [filemgmt 56-199] Attempt to get parsing info during refresh. "On-the-fly" syntax checking information may be incorrect. [D:\PCILEECH_414\FROMLURK\card_reader_realtek\pcileech_enigma_x1.srcs\sources_1\imports\diviner-full-emu-v2-main\src\pcileech_enigma_x1_top.sv:]
WARNING: [filemgmt 56-199] Attempt to get parsing info during refresh. "On-the-fly" syntax checking information may be incorrect. [D:\PCILEECH_414\FROMLURK\card_reader_realtek\pcileech_enigma_x1.srcs\sources_1\new\dna_cap.v:]
WARNING: [filemgmt 56-199] Attempt to get parsing info during refresh. "On-the-fly" syntax checking information may be incorrect. [D:\PCILEECH_414\FROMLURK\card_reader_realtek\pcileech_enigma_x1.srcs\sources_1\imports\diviner-full-emu-v2-main\src\pcileech_pcie_tlp_a7.sv:]
WARNING: [filemgmt 56-199] Attempt to get parsing info during refresh. "On-the-fly" syntax checking information may be incorrect. [D:\PCILEECH_414\FROMLURK\card_reader_realtek\pcileech_enigma_x1.srcs\sources_1\imports\diviner-full-emu-v2-main\src\pcileech_pcie_a7.sv:]
WARNING: [filemgmt 56-199] Attempt to get parsing info during refresh. "On-the-fly" syntax checking information may be incorrect. [D:\PCILEECH_414\FROMLURK\card_reader_realtek\pcileech_enigma_x1.srcs\sources_1\imports\diviner-full-emu-v2-main\src\pcileech_pcie_cfg_a7.sv:]
WARNING: [filemgmt 56-199] Attempt to get parsing info during refresh. "On-the-fly" syntax checking information may be incorrect. [D:\PCILEECH_414\FROMLURK\card_reader_realtek\pcileech_enigma_x1.srcs\sources_1\imports\diviner-full-emu-v2-main\pcie_7x\pcie_7x_0_core_top.v:]
WARNING: [filemgmt 56-199] Attempt to get parsing info during refresh. "On-the-fly" syntax checking information may be incorrect. [D:\PCILEECH_414\FROMLURK\card_reader_realtek\pcileech_enigma_x1.srcs\sources_1\imports\diviner-full-emu-v2-main\src\pcileech_tlps128_bar_controller.sv:]
WARNING: [filemgmt 56-199] Attempt to get parsing info during refresh. "On-the-fly" syntax checking information may be incorrect. [D:\PCILEECH_414\FROMLURK\card_reader_realtek\pcileech_enigma_x1.srcs\sources_1\imports\diviner-full-emu-v2-main\src\pcileech_enigma_x1_top.sv:]
WARNING: [filemgmt 56-199] Attempt to get parsing info during refresh. "On-the-fly" syntax checking information may be incorrect. [D:\PCILEECH_414\FROMLURK\card_reader_realtek\pcileech_enigma_x1.srcs\sources_1\new\dna_cap.v:]
WARNING: [filemgmt 56-199] Attempt to get parsing info during refresh. "On-the-fly" syntax checking information may be incorrect. [D:\PCILEECH_414\FROMLURK\card_reader_realtek\pcileech_enigma_x1.srcs\sources_1\imports\diviner-full-emu-v2-main\src\pcileech_pcie_tlp_a7.sv:]
WARNING: [filemgmt 56-199] Attempt to get parsing info during refresh. "On-the-fly" syntax checking information may be incorrect. [D:\PCILEECH_414\FROMLURK\card_reader_realtek\pcileech_enigma_x1.srcs\sources_1\imports\diviner-full-emu-v2-main\src\pcileech_pcie_a7.sv:]
WARNING: [filemgmt 56-199] Attempt to get parsing info during refresh. "On-the-fly" syntax checking information may be incorrect. [D:\PCILEECH_414\FROMLURK\card_reader_realtek\pcileech_enigma_x1.srcs\sources_1\imports\diviner-full-emu-v2-main\src\pcileech_pcie_cfg_a7.sv:]
WARNING: [filemgmt 56-199] Attempt to get parsing info during refresh. "On-the-fly" syntax checking information may be incorrect. [D:\PCILEECH_414\FROMLURK\card_reader_realtek\pcileech_enigma_x1.srcs\sources_1\imports\diviner-full-emu-v2-main\pcie_7x\pcie_7x_0_core_top.v:]
WARNING: [filemgmt 56-199] Attempt to get parsing info during refresh. "On-the-fly" syntax checking information may be incorrect. [D:\PCILEECH_414\FROMLURK\card_reader_realtek\pcileech_enigma_x1.srcs\sources_1\imports\diviner-full-emu-v2-main\src\pcileech_tlps128_bar_controller.sv:]
WARNING: [filemgmt 56-199] Attempt to get parsing info during refresh. "On-the-fly" syntax checking information may be incorrect. [D:\PCILEECH_414\FROMLURK\card_reader_realtek\pcileech_enigma_x1.srcs\sources_1\imports\diviner-full-emu-v2-main\src\pcileech_enigma_x1_top.sv:]
reset_run synth_1
ERROR: [Common 17-180] Spawn failed: No error
WARNING: [filemgmt 56-199] Attempt to get parsing info during refresh. "On-the-fly" syntax checking information may be incorrect. [D:\PCILEECH_414\FROMLURK\card_reader_realtek\pcileech_enigma_x1.srcs\sources_1\new\dna_cap.v:]
WARNING: [filemgmt 56-199] Attempt to get parsing info during refresh. "On-the-fly" syntax checking information may be incorrect. [D:\PCILEECH_414\FROMLURK\card_reader_realtek\pcileech_enigma_x1.srcs\sources_1\imports\diviner-full-emu-v2-main\src\pcileech_pcie_tlp_a7.sv:]
WARNING: [filemgmt 56-199] Attempt to get parsing info during refresh. "On-the-fly" syntax checking information may be incorrect. [D:\PCILEECH_414\FROMLURK\card_reader_realtek\pcileech_enigma_x1.srcs\sources_1\imports\diviner-full-emu-v2-main\src\pcileech_pcie_a7.sv:]
WARNING: [filemgmt 56-199] Attempt to get parsing info during refresh. "On-the-fly" syntax checking information may be incorrect. [D:\PCILEECH_414\FROMLURK\card_reader_realtek\pcileech_enigma_x1.srcs\sources_1\imports\diviner-full-emu-v2-main\src\pcileech_pcie_cfg_a7.sv:]
WARNING: [filemgmt 56-199] Attempt to get parsing info during refresh. "On-the-fly" syntax checking information may be incorrect. [D:\PCILEECH_414\FROMLURK\card_reader_realtek\pcileech_enigma_x1.srcs\sources_1\imports\diviner-full-emu-v2-main\pcie_7x\pcie_7x_0_core_top.v:]
WARNING: [filemgmt 56-199] Attempt to get parsing info during refresh. "On-the-fly" syntax checking information may be incorrect. [D:\PCILEECH_414\FROMLURK\card_reader_realtek\pcileech_enigma_x1.srcs\sources_1\imports\diviner-full-emu-v2-main\src\pcileech_tlps128_bar_controller.sv:]
WARNING: [filemgmt 56-199] Attempt to get parsing info during refresh. "On-the-fly" syntax checking information may be incorrect. [D:\PCILEECH_414\FROMLURK\card_reader_realtek\pcileech_enigma_x1.srcs\sources_1\imports\diviner-full-emu-v2-main\src\pcileech_enigma_x1_top.sv:]
ERROR: [Common 17-180] Spawn failed: No error
WARNING: [Vivado 12-1017] Problems encountered:
1. Failed to delete one or more files in run directory D:/PCILEECH_414/FROMLURK/card_reader_realtek/pcileech_enigma_x1.runs/synth_1

ERROR: [Common 17-39] 'reset_runs' failed due to earlier errors.
launch_runs synth_1 -jobs 20
[Tue Oct  1 08:37:19 2024] Launched synth_1...
Run output will be captured here: D:/PCILEECH_414/FROMLURK/card_reader_realtek/pcileech_enigma_x1.runs/synth_1/runme.log
launch_runs impl_1 -to_step write_bitstream -jobs 20
[Tue Oct  1 08:40:54 2024] Launched impl_1...
Run output will be captured here: D:/PCILEECH_414/FROMLURK/card_reader_realtek/pcileech_enigma_x1.runs/impl_1/runme.log
exit
INFO: [Common 17-206] Exiting Vivado at Tue Oct  1 08:46:11 2024...
