#-----------------------------------------------------------
# Vivado v2023.2 (64-bit)
# SW Build 4029153 on Fri Oct 13 20:14:34 MDT 2023
# IP Build 4028589 on Sat Oct 14 00:45:43 MDT 2023
# SharedData Build 4025554 on Tue Oct 10 17:18:54 MDT 2023
# Start of session at: Thu Oct 10 14:34:55 2024
# Process ID: 27600
# Current directory: D:/926_luekr/8812AE_WARRIOR
# Command line: vivado.exe -gui_launcher_event rodinguilauncherevent25848 D:\926_luekr\8812AE_WARRIOR\pcileech_enigma_x1.xpr
# Log file: D:/926_luekr/8812AE_WARRIOR/vivado.log
# Journal file: D:/926_luekr/8812AE_WARRIOR\vivado.jou
# Running On: Shawk, OS: Windows, CPU Frequency: 3494 MHz, CPU Physical cores: 14, Host memory: 16922 MB
#-----------------------------------------------------------
start_gui
open_project D:/926_luekr/8812AE_WARRIOR/pcileech_enigma_x1.xpr
WARNING: [Board 49-26] cannot add Board Part xilinx.com:kcu116:part0:1.4 available at E:/VIVADO2023/Vivado/2023.2/data/xhub/boards/XilinxBoardStore/boards/Xilinx/kcu116/1.4/board.xml as part xcku5p-ffvb676-2-e specified in board_part file is either invalid or not available
WARNING: [Board 49-26] cannot add Board Part xilinx.com:kcu116:part0:1.5 available at E:/VIVADO2023/Vivado/2023.2/data/xhub/boards/XilinxBoardStore/boards/Xilinx/kcu116/1.5/board.xml as part xcku5p-ffvb676-2-e specified in board_part file is either invalid or not available
WARNING: [Board 49-26] cannot add Board Part xilinx.com:vcu128:part0:1.0 available at E:/VIVADO2023/Vivado/2023.2/data/xhub/boards/XilinxBoardStore/boards/Xilinx/vcu128/production/1.0/board.xml as part xcvu37p-fsvh2892-2l-e specified in board_part file is either invalid or not available
WARNING: [Board 49-26] cannot add Board Part xilinx.com:vcu129:part0:1.0 available at E:/VIVADO2023/Vivado/2023.2/data/xhub/boards/XilinxBoardStore/boards/Xilinx/vcu129/production/1.0/board.xml as part xcvu29p-fsga2577-2l-e specified in board_part file is either invalid or not available
WARNING: [Board 49-26] cannot add Board Part xilinx.com:vek280_es:part0:1.0 available at E:/VIVADO2023/Vivado/2023.2/data/xhub/boards/XilinxBoardStore/boards/Xilinx/vek280/es/rev_a/1.0/board.xml as part xcve2802-vsvh1760-2lp-e-s-es1 specified in board_part file is either invalid or not available
WARNING: [Board 49-26] cannot add Board Part xilinx.com:vek280_es:part0:1.1 available at E:/VIVADO2023/Vivado/2023.2/data/xhub/boards/XilinxBoardStore/boards/Xilinx/vek280/es/rev_a/1.1/board.xml as part xcve2802-vsvh1760-2lp-e-s-es1 specified in board_part file is either invalid or not available
WARNING: [Board 49-26] cannot add Board Part xilinx.com:vek280_es_revb:part0:1.0 available at E:/VIVADO2023/Vivado/2023.2/data/xhub/boards/XilinxBoardStore/boards/Xilinx/vek280/es/rev_b/1.0/board.xml as part xcve2802-vsvh1760-2mp-e-s-es1 specified in board_part file is either invalid or not available
WARNING: [Board 49-26] cannot add Board Part xilinx.com:vek280_es_revb:part0:1.1 available at E:/VIVADO2023/Vivado/2023.2/data/xhub/boards/XilinxBoardStore/boards/Xilinx/vek280/es/rev_b/1.1/board.xml as part xcve2802-vsvh1760-2mp-e-s-es1 specified in board_part file is either invalid or not available
WARNING: [Board 49-26] cannot add Board Part xilinx.com:vhk158:part0:1.0 available at E:/VIVADO2023/Vivado/2023.2/data/xhub/boards/XilinxBoardStore/boards/Xilinx/vhk158/production/1.0/board.xml as part xcvh1582-vsva3697-2mp-e-s specified in board_part file is either invalid or not available
WARNING: [Board 49-26] cannot add Board Part xilinx.com:vhk158:part0:1.1 available at E:/VIVADO2023/Vivado/2023.2/data/xhub/boards/XilinxBoardStore/boards/Xilinx/vhk158/production/1.1/board.xml as part xcvh1582-vsva3697-2mp-e-s specified in board_part file is either invalid or not available
WARNING: [Board 49-26] cannot add Board Part xilinx.com:vhk158_es:part0:1.0 available at E:/VIVADO2023/Vivado/2023.2/data/xhub/boards/XilinxBoardStore/boards/Xilinx/vhk158/es/1.0/board.xml as part xcvh1582-vsva3697-2mp-e-s-es1 specified in board_part file is either invalid or not available
WARNING: [Board 49-26] cannot add Board Part xilinx.com:vhk158_es:part0:1.1 available at E:/VIVADO2023/Vivado/2023.2/data/xhub/boards/XilinxBoardStore/boards/Xilinx/vhk158/es/1.1/board.xml as part xcvh1582-vsva3697-2mp-e-s-es1 specified in board_part file is either invalid or not available
WARNING: [Board 49-26] cannot add Board Part xilinx.com:zcu208ld:part0:2.0 available at E:/VIVADO2023/Vivado/2023.2/data/xhub/boards/XilinxBoardStore/boards/Xilinx/zcu208ld/production/2.0/board.xml as part xczu58dr-fsvg1517-2-i specified in board_part file is either invalid or not available
WARNING: [Board 49-26] cannot add Board Part xilinx.com:zcu216ld:part0:2.0 available at E:/VIVADO2023/Vivado/2023.2/data/xhub/boards/XilinxBoardStore/boards/Xilinx/zcu216ld/production/2.0/board.xml as part xczu59dr-ffvf1760-2-i specified in board_part file is either invalid or not available
WARNING: [Board 49-26] cannot add Board Part xilinx.com:zcu670:part0:2.0 available at E:/VIVADO2023/Vivado/2023.2/data/xhub/boards/XilinxBoardStore/boards/Xilinx/zcu670/2.0/board.xml as part xczu67dr-fsve1156-2-i specified in board_part file is either invalid or not available
WARNING: [Board 49-26] cannot add Board Part xilinx.com:zcu670ld:part0:1.0 available at E:/VIVADO2023/Vivado/2023.2/data/xhub/boards/XilinxBoardStore/boards/Xilinx/zcu670ld/1.0/board.xml as part xczu57dr-fsve1156-2-i specified in board_part file is either invalid or not available
INFO: [Project 1-313] Project file moved from 'D:/926_luekr/8192ee_warrior' since last save.
Scanning sources...
Finished scanning sources
INFO: [IP_Flow 19-234] Refreshing IP repositories
INFO: [IP_Flow 19-1704] No user IP repositories specified
INFO: [IP_Flow 19-2313] Loaded Vivado IP repository 'E:/VIVADO2023/Vivado/2023.2/data/ip'.
open_project: Time (s): cpu = 00:00:05 ; elapsed = 00:00:09 . Memory (MB): peak = 1629.148 ; gain = 342.602
WARNING: [IP_Flow 19-4067] Ignoring invalid widget type specified checkbox.Providing a default widget
WARNING: [IP_Flow 19-4067] Ignoring invalid widget type specified checkbox.Providing a default widget
INFO: [IP_Flow 19-3484] Absolute path of file 'd:/926_luekr/8812AE_WARRIOR/pcileech_enigma_x1.srcs/sources_1/ip/bram_pcie_cfgspace/pcileech_cfgspace.coe' provided. It will be converted relative to IP Instance files '../../../../pcileech_enigma_x1.srcs/sources_1/ip/bram_pcie_cfgspace/pcileech_cfgspace.coe'
set_property CONFIG.Coe_File {d:/926_luekr/8812AE_WARRIOR/pcileech_enigma_x1.srcs/sources_1/ip/bram_pcie_cfgspace/pcileech_cfgspace.coe} [get_ips bram_pcie_cfgspace]
INFO: [IP_Flow 19-3484] Absolute path of file 'd:/926_luekr/8812AE_WARRIOR/pcileech_enigma_x1.srcs/sources_1/ip/bram_pcie_cfgspace/pcileech_cfgspace.coe' provided. It will be converted relative to IP Instance files 'pcileech_cfgspace.coe'
generate_target all [get_files  D:/926_luekr/8812AE_WARRIOR/pcileech_enigma_x1.srcs/sources_1/ip/bram_pcie_cfgspace/bram_pcie_cfgspace.xci]
INFO: [IP_Flow 19-1686] Generating 'Instantiation Template' target for IP 'bram_pcie_cfgspace'...
INFO: [IP_Flow 19-1686] Generating 'Synthesis' target for IP 'bram_pcie_cfgspace'...
INFO: [IP_Flow 19-1686] Generating 'Simulation' target for IP 'bram_pcie_cfgspace'...
INFO: [IP_Flow 19-1686] Generating 'Miscellaneous' target for IP 'bram_pcie_cfgspace'...
INFO: [IP_Flow 19-1686] Generating 'Change Log' target for IP 'bram_pcie_cfgspace'...
catch { config_ip_cache -export [get_ips -all bram_pcie_cfgspace] }
INFO: [IP_Flow 19-6924] IPCACHE: Running cache check for IP inst: bram_pcie_cfgspace
export_ip_user_files -of_objects [get_files D:/926_luekr/8812AE_WARRIOR/pcileech_enigma_x1.srcs/sources_1/ip/bram_pcie_cfgspace/bram_pcie_cfgspace.xci] -no_script -sync -force -quiet
reset_run bram_pcie_cfgspace_synth_1
launch_runs bram_pcie_cfgspace_synth_1 -jobs 20
INFO: [IP_Flow 19-6924] IPCACHE: Running cache check for IP inst: bram_pcie_cfgspace
[Thu Oct 10 14:38:48 2024] Launched bram_pcie_cfgspace_synth_1...
Run output will be captured here: D:/926_luekr/8812AE_WARRIOR/pcileech_enigma_x1.runs/bram_pcie_cfgspace_synth_1/runme.log
export_simulation -of_objects [get_files D:/926_luekr/8812AE_WARRIOR/pcileech_enigma_x1.srcs/sources_1/ip/bram_pcie_cfgspace/bram_pcie_cfgspace.xci] -directory D:/926_luekr/8812AE_WARRIOR/pcileech_enigma_x1.ip_user_files/sim_scripts -ip_user_files_dir D:/926_luekr/8812AE_WARRIOR/pcileech_enigma_x1.ip_user_files -ipstatic_source_dir D:/926_luekr/8812AE_WARRIOR/pcileech_enigma_x1.ip_user_files/ipstatic -lib_map_path [list {modelsim=D:/926_luekr/8812AE_WARRIOR/pcileech_enigma_x1.cache/compile_simlib/modelsim} {questa=D:/926_luekr/8812AE_WARRIOR/pcileech_enigma_x1.cache/compile_simlib/questa} {riviera=D:/926_luekr/8812AE_WARRIOR/pcileech_enigma_x1.cache/compile_simlib/riviera} {activehdl=D:/926_luekr/8812AE_WARRIOR/pcileech_enigma_x1.cache/compile_simlib/activehdl}] -use_ip_compiled_libs -force -quiet
WARNING: [IP_Flow 19-4067] Ignoring invalid widget type specified checkbox.Providing a default widget
WARNING: [IP_Flow 19-4067] Ignoring invalid widget type specified checkbox.Providing a default widget
INFO: [IP_Flow 19-3484] Absolute path of file 'd:/926_luekr/8812AE_WARRIOR/pcileech_enigma_x1.srcs/sources_1/ip/bram_bar_zero4k/pcileech_bar_zero4k.coe' provided. It will be converted relative to IP Instance files '../../../../pcileech_enigma_x1.srcs/sources_1/ip/bram_bar_zero4k/pcileech_bar_zero4k.coe'
set_property CONFIG.Coe_File {d:/926_luekr/8812AE_WARRIOR/pcileech_enigma_x1.srcs/sources_1/ip/bram_bar_zero4k/pcileech_bar_zero4k.coe} [get_ips bram_bar_zero4k]
INFO: [IP_Flow 19-3484] Absolute path of file 'd:/926_luekr/8812AE_WARRIOR/pcileech_enigma_x1.srcs/sources_1/ip/bram_bar_zero4k/pcileech_bar_zero4k.coe' provided. It will be converted relative to IP Instance files 'pcileech_bar_zero4k.coe'
generate_target all [get_files  D:/926_luekr/8812AE_WARRIOR/pcileech_enigma_x1.srcs/sources_1/ip/bram_bar_zero4k/bram_bar_zero4k.xci]
INFO: [IP_Flow 19-1686] Generating 'Instantiation Template' target for IP 'bram_bar_zero4k'...
INFO: [IP_Flow 19-1686] Generating 'Synthesis' target for IP 'bram_bar_zero4k'...
INFO: [IP_Flow 19-1686] Generating 'Simulation' target for IP 'bram_bar_zero4k'...
INFO: [IP_Flow 19-1686] Generating 'Miscellaneous' target for IP 'bram_bar_zero4k'...
INFO: [IP_Flow 19-1686] Generating 'Change Log' target for IP 'bram_bar_zero4k'...
catch { config_ip_cache -export [get_ips -all bram_bar_zero4k] }
INFO: [IP_Flow 19-6924] IPCACHE: Running cache check for IP inst: bram_bar_zero4k
export_ip_user_files -of_objects [get_files D:/926_luekr/8812AE_WARRIOR/pcileech_enigma_x1.srcs/sources_1/ip/bram_bar_zero4k/bram_bar_zero4k.xci] -no_script -sync -force -quiet
reset_run bram_bar_zero4k_synth_1
WARNING: [Vivado 12-1017] Problems encountered:
1. Failed to delete one or more files in run directory D:/926_luekr/8812AE_WARRIOR/pcileech_enigma_x1.runs/bram_bar_zero4k_synth_1

launch_runs bram_bar_zero4k_synth_1 -jobs 20
INFO: [IP_Flow 19-6924] IPCACHE: Running cache check for IP inst: bram_bar_zero4k
[Thu Oct 10 14:39:00 2024] Launched bram_bar_zero4k_synth_1...
Run output will be captured here: D:/926_luekr/8812AE_WARRIOR/pcileech_enigma_x1.runs/bram_bar_zero4k_synth_1/runme.log
export_simulation -of_objects [get_files D:/926_luekr/8812AE_WARRIOR/pcileech_enigma_x1.srcs/sources_1/ip/bram_bar_zero4k/bram_bar_zero4k.xci] -directory D:/926_luekr/8812AE_WARRIOR/pcileech_enigma_x1.ip_user_files/sim_scripts -ip_user_files_dir D:/926_luekr/8812AE_WARRIOR/pcileech_enigma_x1.ip_user_files -ipstatic_source_dir D:/926_luekr/8812AE_WARRIOR/pcileech_enigma_x1.ip_user_files/ipstatic -lib_map_path [list {modelsim=D:/926_luekr/8812AE_WARRIOR/pcileech_enigma_x1.cache/compile_simlib/modelsim} {questa=D:/926_luekr/8812AE_WARRIOR/pcileech_enigma_x1.cache/compile_simlib/questa} {riviera=D:/926_luekr/8812AE_WARRIOR/pcileech_enigma_x1.cache/compile_simlib/riviera} {activehdl=D:/926_luekr/8812AE_WARRIOR/pcileech_enigma_x1.cache/compile_simlib/activehdl}] -use_ip_compiled_libs -force -quiet
reset_run synth_1
INFO: [Project 1-1161] Replacing file D:/926_luekr/8812AE_WARRIOR/pcileech_enigma_x1.srcs/utils_1/imports/synth_1/pcileech_enigma_x1_top.dcp with file D:/926_luekr/8812AE_WARRIOR/pcileech_enigma_x1.runs/synth_1/pcileech_enigma_x1_top.dcp
WARNING: [Vivado 12-1017] Problems encountered:
1. Failed to delete one or more files in run directory D:/926_luekr/8812AE_WARRIOR/pcileech_enigma_x1.runs/synth_1

launch_runs synth_1 -jobs 20
[Thu Oct 10 14:39:22 2024] Launched bram_bar_zero4k_synth_1, bram_pcie_cfgspace_synth_1...
Run output will be captured here:
bram_bar_zero4k_synth_1: D:/926_luekr/8812AE_WARRIOR/pcileech_enigma_x1.runs/bram_bar_zero4k_synth_1/runme.log
bram_pcie_cfgspace_synth_1: D:/926_luekr/8812AE_WARRIOR/pcileech_enigma_x1.runs/bram_pcie_cfgspace_synth_1/runme.log
[Thu Oct 10 14:39:22 2024] Launched synth_1...
Run output will be captured here: D:/926_luekr/8812AE_WARRIOR/pcileech_enigma_x1.runs/synth_1/runme.log
exit
INFO: [Common 17-206] Exiting Vivado at Thu Oct 10 14:41:49 2024...
