  [librdi_filemgmt.dll+0x342db5]srcscan starts
=============== Using precompiled files for SV std libs ===========
INFO: The Verilog library search path for library "std" is now "E:/VIVADO2023/Vivado/2023.2/data/precomp_hsv/sv/std" (VERI-1509)
INFO: The Verilog library search path for library "uvm" is now "E:/VIVADO2023/Vivado/2023.2/data/precomp_hsv/sv/uvm" (VERI-1509)
INFO: analyzing module pcie_7x_0 (VERI-9002)
INFO: analyzing module pcie_7x_0_axi_basic_rx (VERI-9002)
INFO: analyzing module pcie_7x_0_axi_basic_rx_null_gen (VERI-9002)
INFO: analyzing module pcie_7x_0_axi_basic_rx_pipeline (VERI-9002)
INFO: analyzing module pcie_7x_0_axi_basic_top (VERI-9002)
INFO: analyzing module pcie_7x_0_axi_basic_tx (VERI-9002)
INFO: analyzing module pcie_7x_0_axi_basic_tx_pipeline (VERI-9002)
INFO: analyzing module pcie_7x_0_axi_basic_tx_thrtl_ctl (VERI-9002)
INFO: analyzing module pcie_7x_0_core_top (VERI-9002)
INFO: analyzing module pcie_7x_0_gt_common (VERI-9002)
INFO: analyzing module pcie_7x_0_gt_rx_valid_filter_7x (VERI-9002)
INFO: analyzing module pcie_7x_0_gt_top (VERI-9002)
INFO: analyzing module pcie_7x_0_gt_wrapper (VERI-9002)
INFO: analyzing module pcie_7x_0_gtp_cpllpd_ovrd (VERI-9002)
INFO: analyzing module pcie_7x_0_gtp_pipe_drp (VERI-9002)
INFO: analyzing module pcie_7x_0_gtp_pipe_rate (VERI-9002)
INFO: analyzing module pcie_7x_0_gtp_pipe_reset (VERI-9002)
INFO: analyzing module pcie_7x_0_gtx_cpllpd_ovrd (VERI-9002)
INFO: analyzing module pcie_7x_0_pcie2_top (VERI-9002)
INFO: analyzing module pcie_7x_0_pcie_7x (VERI-9002)
INFO: analyzing module pcie_7x_0_pcie_bram_7x (VERI-9002)
INFO: analyzing module pcie_7x_0_pcie_bram_top_7x (VERI-9002)
INFO: analyzing module pcie_7x_0_pcie_brams_7x (VERI-9002)
INFO: analyzing module pcie_7x_0_pcie_pipe_lane (VERI-9002)
INFO: analyzing module pcie_7x_0_pcie_pipe_misc (VERI-9002)
INFO: analyzing module pcie_7x_0_pcie_pipe_pipeline (VERI-9002)
INFO: analyzing module pcie_7x_0_pcie_top (VERI-9002)
INFO: analyzing module pcie_7x_0_pipe_clock (VERI-9002)
INFO: analyzing module pcie_7x_0_pipe_drp (VERI-9002)
INFO: analyzing module pcie_7x_0_pipe_eq (VERI-9002)
INFO: analyzing module pcie_7x_0_pipe_rate (VERI-9002)
INFO: analyzing module pcie_7x_0_pipe_reset (VERI-9002)
INFO: analyzing module pcie_7x_0_pipe_sync (VERI-9002)
INFO: analyzing module pcie_7x_0_pipe_user (VERI-9002)
INFO: analyzing module pcie_7x_0_pipe_wrapper (VERI-9002)
INFO: analyzing module pcie_7x_0_qpll_drp (VERI-9002)
INFO: analyzing module pcie_7x_0_qpll_reset (VERI-9002)
INFO: analyzing module pcie_7x_0_qpll_wrapper (VERI-9002)
INFO: analyzing module pcie_7x_0_rxeq_scan (VERI-9002)
INFO: analyzing module pcileech_com (VERI-9002)
D:/PCILEECH_414/card_reader_tryrsp/pcileech_enigma_x1.srcs/sources_1/imports/diviner-full-emu-v2-main/src/pcileech_fifo.sv(12): INFO: Compiling verilog file "D:/PCILEECH_414/card_reader_tryrsp/pcileech_enigma_x1.srcs/sources_1/imports/diviner-full-emu-v2-main/src/pcileech_header.svh" included at line 12. (VERI-9003)
D:/PCILEECH_414/card_reader_tryrsp/pcileech_enigma_x1.srcs/sources_1/imports/diviner-full-emu-v2-main/src/pcileech_fifo.sv(12): INFO: back to file 'D:/PCILEECH_414/card_reader_tryrsp/pcileech_enigma_x1.srcs/sources_1/imports/diviner-full-emu-v2-main/src/pcileech_fifo.sv' (VERI-2320)
INFO: analyzing module pcileech_fifo (VERI-9002)
INFO: analyzing module pcileech_ft601 (VERI-9002)
INFO: analyzing module pcileech_mux (VERI-9002)
D:/PCILEECH_414/card_reader_tryrsp/pcileech_enigma_x1.srcs/sources_1/imports/diviner-full-emu-v2-main/src/pcileech_pcie_a7.sv(11): INFO: Compiling verilog file "D:/PCILEECH_414/card_reader_tryrsp/pcileech_enigma_x1.srcs/sources_1/imports/diviner-full-emu-v2-main/src/pcileech_header.svh" included at line 11. (VERI-9003)
D:/PCILEECH_414/card_reader_tryrsp/pcileech_enigma_x1.srcs/sources_1/imports/diviner-full-emu-v2-main/src/pcileech_pcie_a7.sv(11): INFO: back to file 'D:/PCILEECH_414/card_reader_tryrsp/pcileech_enigma_x1.srcs/sources_1/imports/diviner-full-emu-v2-main/src/pcileech_pcie_a7.sv' (VERI-2320)
INFO: analyzing module pcileech_pcie_a7 (VERI-9002)
D:/PCILEECH_414/card_reader_tryrsp/pcileech_enigma_x1.srcs/sources_1/imports/diviner-full-emu-v2-main/src/pcileech_pcie_a7.sv(245): WARNING: data object 'int_o' is already declared (VERI-2170)
D:/PCILEECH_414/card_reader_tryrsp/pcileech_enigma_x1.srcs/sources_1/imports/diviner-full-emu-v2-main/src/pcileech_pcie_a7.sv(198): INFO: previous declaration of 'int_o' is from here (VERI-1967)
D:/PCILEECH_41D:/PCILEECH_414/card_reader_tryrsp/pcileech_enigma_x1.srcs/sources_1/imports/diviner-full-emu-v2-main/src/pcileech_pcie_a7.sv(245): WARNING: data object 'int_o' is already declared INFO: analyzing module pcileech_tlps128_dst64 (VERI-9002)
INFO: analyzing module pcileech_tlps128_src64 (VERI-9002)
C:/Users/10726/AppData/Local/Temp/VivadoEditorAssist2521753411041457440.tmp(4): INFO: Compiling verilog file "D:/PCILEECH_414/card_reader_tryrsp/pcileech_enigma_x1.srcs/sources_1/imports/diviner-full-emu-v2-main/src/pcileech_header.svh" included at line 4. (VERI-9003)
C:/Users/10726/AppData/Local/Temp/VivadoEditorAssist2521753411041457440.tmp(4): INFO: back to file 'C:/Users/10726/AppData/Local/Temp/VivadoEditorAssist2521753411041457440.tmp' (VERI-2320)
INFO: analyzing module pcileech_pcie_cfg_a7 (VERI-9002)
C:/Users/10726/AppData/Local/Temp/VivadoEditorAssist4623865507361214636.tmp(11): INFO: Compiling verilog file "D:/PCILEECH_414/card_reader_tryrsp/pcileech_enigma_x1.srcs/sources_1/imports/diviner-full-emu-v2-main/src/pcileech_header.svh" included at line 11. (VERI-9003)
C:/Users/10726/AppData/Local/Temp/VivadoEditorAssist4623865507361214636.tmp(11): INFO: back to file 'C:/Users/10726/AppData/Local/Temp/VivadoEditorAssist4623865507361214636.tmp' (VERI-2320)
INFO: analyzing module pcileech_pcie_tlp_a7 (VERI-9002)
INFO: analyzing module pcileech_tlps128_dst_fifo (VERI-9002)
INFO: analyzing module pcileech_tlps128_filter (VERI-9002)
INFO: analyzing module pcileech_tlps128_src_fifo (VERI-9002)
INFO: analyzing module pcileech_tlps128_sink_mux1 (VERI-9002)
C:/Users/10726/AppData/Local/Temp/VivadoEditorAssist10432791085146563267.tmp(40): INFO: Compiling verilog file "D:/PCILEECH_414/card_reader_tryrsp/pcileech_enigma_x1.srcs/sources_1/imports/diviner-full-emu-v2-main/src/pcileech_header.svh" included at line 40. (VERI-9003)
C:/Users/10726/AppData/Local/Temp/VivadoEditorAssist10432791085146563267.tmp(40): INFO: back to file 'C:/Users/10726/AppData/Local/Temp/VivadoEditorAssist10432791085146563267.tmp' (VERI-2320)
INFO: analyzing module pcileech_tlps128_bar_controller (VERI-9002)
INFO: analyzing module pcileech_tlps128_bar_wrengine (VERI-9002)
INFO: analyzing module pcileech_tlps128_bar_rdengine (VERI-9002)
INFO: analyzing module pcileech_bar_impl_none (VERI-9002)
INFO: analyzing module pcileech_bar_impl_loopaddr (VERI-9002)
INFO: analyzing module pcileech_bar_impl_zerowrite4k (VERI-9002)
INFO: analyzing module pcileech_bar_impl_realtek (VERI-9002)
C:/Users/10726/AppData/Local/Temp/VivadoEditorAssist10432791085146563267.tmp(925): WARNING: case statement must have case items (VERI-1707)
INFO: analyzing module CARD_READER (VERI-9002)
C:/Users/10726/AppData/Local/Temp/VivadoEditorAssist10432791085146563267.tmp(1054): WARNING: case statement must have case items (VERI-1707)
INFO: analyzing module pcileech_tlps128_cfgspace_shadow (VERI-9002)
INFO: analyzing module pcileech_cfgspace_pcie_tx (VERI-9002)
INFO: analyzing module pcileech_mem_wrap (VERI-9002)
D:/PCILEECH_414/card_reader_tryrsp/pcileech_enigma_x1.srcs/sources_1/imports/diviner-full-emu-v2-main/src/pcileech_enigma_x1_top.sv(11): INFO: Compiling verilog file "D:/PCILEECH_414/card_reader_tryrsp/pcileech_enigma_x1.srcs/sources_1/imports/diviner-full-emu-v2-main/src/pcileech_header.svh" included at line 11. (VERI-9003)
D:/PCILEECH_414/card_reader_tryrsp/pcileech_enigma_x1.srcs/sources_1/imports/diviner-full-emu-v2-main/src/pcileech_enigma_x1_top.sv(11): INFO: back to file 'D:/PCILEECH_414/card_reader_tryrsp/pcileech_enigma_x1.srcs/sources_1/imports/diviner-full-emu-v2-main/src/pcileech_enigma_x1_top.sv' (VERI-2320)
INFO: analyzing module pcileech_enigma_x1_top (VERI-9002)
D:/PCILEECH_414/card_reader_tryrsp/pcileech_enigma_x1.srcs/sources_1/imports/diviner-full-emu-v2-main/src/pcileech_enigma_x1_top.sv(40): WARNING: non-net output port 'pcie_wake_n' cannot be initialized at declaration in SystemVerilog mode (VERI-2522)
INFO: analyzing module get_dna (VERI-9002)
srcscan exits with return value 0
 (VERI-2320)
INFO: analyzing module pcileech_enigma_x1_top (VERI-9002)
D:/PCILEECH_414/card_reader_tryrsp/pcileech_enigma_x1.srcs/sources_1/imports/diviner-full-emu-v2-main/src/pcileech_enigma_x1_top.sv(40): WARNING: non-net output port 'pcie_wake_n' cannot be initialized at declaration in SystemVerilog mode (VERI-2522)
INFO: analyzing module get_dna (VERI-9002)
srcscan exits with return value 0
